<?xml version="1.0" encoding="UTF-8"?>
<!-- Generated by org.testng.reporters.JUnitReportReporter -->
<testsuite hostname="kanik-pc" name="tests.BasicTest" tests="1" failures="0" timestamp="18 Nov 2018 13:18:05 GMT" time="80.687" errors="0">
  <testcase name="uploadTest" time="80.687" classname="tests.BasicTest"/>
</testsuite> <!-- tests.BasicTest -->
